D:\Projects\IBBuisnessService\IBBusinessService.Api\Controllers\CourseApiController.cs
GetCourse 1
GetCourse -1
GetCourse 1
GetCourse -1
PutCourse 1
PutCourse -1
PostCourse 1
PostCourse -1
DeleteCourse 1
DeleteCourse -1

D:\Projects\IBBuisnessService\IBBusinessService.Api\Controllers\ProgramApiController.cs
Get 1
Get -1
GetProgram 1
GetProgram -1
Post 1
Post -1
Put 1
Put -1
Delete 1
Delete -1

D:\Projects\IBBuisnessService\IBBusinessService.Api\Filters\CustomAuthorization.cs
OnAuthorization 3
OnAuthorization -1
GetUser 3
GetUser -1
UserHasAccess 2
UserHasAccess -1

D:\Projects\IBBuisnessService\IBBusinessService.Api\Mapping\CourseCreationDto.cs

D:\Projects\IBBuisnessService\IBBusinessService.Api\Mapping\CourseDto.cs

D:\Projects\IBBuisnessService\IBBusinessService.Api\Mapping\CourseUpdateDto.cs

D:\Projects\IBBuisnessService\IBBusinessService.Api\Mapping\MappingProfile.cs

D:\Projects\IBBuisnessService\IBBusinessService.Api\Mapping\ProgramCreationDto.cs

D:\Projects\IBBuisnessService\IBBusinessService.Api\Mapping\ProgramDto.cs

D:\Projects\IBBuisnessService\IBBusinessService.Api\Mapping\ProgramUpdateDto.cs

D:\Projects\IBBuisnessService\IBBusinessService.Api\Program.cs
Main 2
Main -1
CreateHostBuilder 1
CreateHostBuilder -1

D:\Projects\IBBuisnessService\IBBusinessService.Api\Resources\ConstantVarriables.cs

D:\Projects\IBBuisnessService\IBBusinessService.Api\Resources\Contact.cs

D:\Projects\IBBuisnessService\IBBusinessService.Api\Resources\Info.cs

D:\Projects\IBBuisnessService\IBBusinessService.Api\Startup.cs
ConfigureServices 1
ConfigureServices -1
Configure 1
Configure -1

C:\Users\cognizantdotnet14\AppData\Local\Temp\.NETCoreApp,Version=v3.1.AssemblyAttributes.cs

D:\Projects\IBBuisnessService\IBBusinessService.Api\obj\Debug\netcoreapp3.1\IBBusinessService.Api.MvcApplicationPartsAssemblyInfo.cs

D:\Projects\IBBuisnessService\IBBusinessService.Api\obj\Debug\netcoreapp3.1\IBBusinessService.Api.AssemblyInfo.cs

