D:\Projects\IBBuisnessService\IBBusinessService.Data\IBBusinessContext.cs
OnConfiguring 6
OnConfiguring -1
OnModelCreating 2
OnModelCreating -1
OnModelCreatingPartial 1
OnModelCreatingPartial -1

D:\Projects\IBBuisnessService\IBBusinessService.Data\Migrations\20200508063954_InitialCreate.cs
Up 1
Up -1
Down 5
Down -1

D:\Projects\IBBuisnessService\IBBusinessService.Data\Migrations\20200508063954_InitialCreate.Designer.cs
BuildTargetModel 2
BuildTargetModel -1

D:\Projects\IBBuisnessService\IBBusinessService.Data\Migrations\20200508064136_UserMasterTableCreated.cs
Up 1
Up -1
Down 1
Down -1

D:\Projects\IBBuisnessService\IBBusinessService.Data\Migrations\20200508064136_UserMasterTableCreated.Designer.cs
BuildTargetModel 2
BuildTargetModel -1

D:\Projects\IBBuisnessService\IBBusinessService.Data\Migrations\20200508065044_UserRoleMappingAdded.cs
Up 2
Up -1
Down 1
Down -1

D:\Projects\IBBuisnessService\IBBusinessService.Data\Migrations\20200508065044_UserRoleMappingAdded.Designer.cs
BuildTargetModel 1
BuildTargetModel -1

D:\Projects\IBBuisnessService\IBBusinessService.Data\Migrations\20200508070358_AllowedColumnAddedinUserRoleMapping.cs
Up 2
Up -1
Down 1
Down -1

D:\Projects\IBBuisnessService\IBBusinessService.Data\Migrations\20200508070358_AllowedColumnAddedinUserRoleMapping.Designer.cs
BuildTargetModel 1
BuildTargetModel -1

D:\Projects\IBBuisnessService\IBBusinessService.Data\Migrations\IBBusinessContextModelSnapshot.cs
BuildModel 1
BuildModel -1

D:\Projects\IBBuisnessService\IBBusinessService.Data\Repositories\CourseRepository.cs
GetAllCourses 1
GetAllCourses -1
GetCourseById 1
GetCourseById -1
CreateCourse 1
CreateCourse -1
UpdateCourse 1
UpdateCourse -1
DeleteCourse 1
DeleteCourse -1

D:\Projects\IBBuisnessService\IBBusinessService.Data\Repositories\ProgramRepository.cs
GetAllProgram 1
GetAllProgram -1
GetProgramById 1
GetProgramById -1
CreateProgram 1
CreateProgram -1
UpdateProgram 1
UpdateProgram -1
DeleteProgram 1
DeleteProgram -1

D:\Projects\IBBuisnessService\IBBusinessService.Data\Repositories\RepositoryBase.cs
FindAll 50
FindAll -1
FindByCondition 5
FindByCondition -1
Create 3
Create -1
Update 2
Update -1
Delete 2
Delete -1

D:\Projects\IBBuisnessService\IBBusinessService.Data\Repositories\UserRepository.cs
FindByName 1
FindByName -1

D:\Projects\IBBuisnessService\IBBusinessService.Data\Repositories\UserRoleMappingRepository.cs

D:\Projects\IBBuisnessService\IBBusinessService.Data\UnitOfWork.cs
Save 1
Save -1

C:\Users\cognizantdotnet14\AppData\Local\Temp\.NETCoreApp,Version=v3.1.AssemblyAttributes.cs

D:\Projects\IBBuisnessService\IBBusinessService.Data\obj\Debug\netcoreapp3.1\IBBusinessService.Data.AssemblyInfo.cs

