Product projects
---------------------------------------
D:\Projects\IBBuisnessService\IBBusinessService.Domain\IBBusinessService.Domain.csproj
D:\Projects\IBBuisnessService\IBBusinessService.Data\IBBusinessService.Data.csproj
D:\Projects\IBBuisnessService\IBBusinessAzure.Services\IBBusinessAzure.Services.csproj
D:\Projects\IBBuisnessService\IBBusinessService.Services\IBBusinessService.Services.csproj
D:\Projects\IBBuisnessService\IBBusinessService.Api\IBBusinessService.Api.csproj
D:\Projects\IBBuisnessService\IBBusinessConsole\IBBusinessConsole.ServiceBus.Reciever.csproj


Test projects
---------------------------------------
D:\Projects\IBBuisnessService\IBBusinessService.Api.Test\IBBusinessService.Api.Test.csproj


Invalid projects
---------------------------------------
{none}


Skipped projects
---------------------------------------
{none}


Excluded projects
---------------------------------------
{none}


